<?xml version="1.0" encoding="UTF-8"?>
<testsuite xmlns:xsi="http://www.w3.org/2001/XMLSchema-instance" xsi:noNamespaceSchemaLocation="https://maven.apache.org/surefire/maven-surefire-plugin/xsd/surefire-test-report.xsd" name="com.prog6112.bookstoreinv_a1secb.BookTest" time="0.109" tests="7" errors="6" skipped="0" failures="1">
  <properties>
[...]
</properties>
  <testcase name="testUpdateStock_Decrement" classname="com.prog6112.bookstoreinv_a1secb.BookTest" time="0.067">
    <error message="Cannot invoke &quot;com.prog6112.bookstoreinv_a1secb.Book.updateStock(int)&quot; because &quot;this.testBook&quot; is null" type="java.lang.NullPointerException">java.lang.NullPointerException: Cannot invoke "com.prog6112.bookstoreinv_a1secb.Book.updateStock(int)" because "this.testBook" is null
	at com.prog6112.bookstoreinv_a1secb.BookTest.testUpdateStock_Decrement(BookTest.java:51)
</error>
  </testcase>
  <testcase name="testGetters" classname="com.prog6112.bookstoreinv_a1secb.BookTest" time="0.001">
    <error message="Cannot invoke &quot;com.prog6112.bookstoreinv_a1secb.Book.getTitle()&quot; because &quot;this.testBook&quot; is null" type="java.lang.NullPointerException">java.lang.NullPointerException: Cannot invoke "com.prog6112.bookstoreinv_a1secb.Book.getTitle()" because "this.testBook" is null
	at com.prog6112.bookstoreinv_a1secb.BookTest.testGetters(BookTest.java:63)
</error>
  </testcase>
  <testcase name="testBookConstructor" classname="com.prog6112.bookstoreinv_a1secb.BookTest" time="0.01">
    <failure message="Book object should not be null after construction ==&gt; expected: not &lt;null&gt;" type="org.opentest4j.AssertionFailedError"><![CDATA[org.opentest4j.AssertionFailedError: Book object should not be null after construction ==> expected: not <null>
	at com.prog6112.bookstoreinv_a1secb.BookTest.testBookConstructor(BookTest.java:27)
]]></failure>
  </testcase>
  <testcase name="testUpdateStock_PreventNegative" classname="com.prog6112.bookstoreinv_a1secb.BookTest" time="0.002">
    <error message="Cannot invoke &quot;com.prog6112.bookstoreinv_a1secb.Book.updateStock(int)&quot; because &quot;this.testBook&quot; is null" type="java.lang.NullPointerException">java.lang.NullPointerException: Cannot invoke "com.prog6112.bookstoreinv_a1secb.Book.updateStock(int)" because "this.testBook" is null
	at com.prog6112.bookstoreinv_a1secb.BookTest.testUpdateStock_PreventNegative(BookTest.java:57)
</error>
  </testcase>
  <testcase name="testSetters" classname="com.prog6112.bookstoreinv_a1secb.BookTest" time="0.001">
    <error message="Cannot invoke &quot;com.prog6112.bookstoreinv_a1secb.Book.setTitle(String)&quot; because &quot;this.testBook&quot; is null" type="java.lang.NullPointerException">java.lang.NullPointerException: Cannot invoke "com.prog6112.bookstoreinv_a1secb.Book.setTitle(String)" because "this.testBook" is null
	at com.prog6112.bookstoreinv_a1secb.BookTest.testSetters(BookTest.java:71)
</error>
  </testcase>
  <testcase name="testUpdateStock_Increment" classname="com.prog6112.bookstoreinv_a1secb.BookTest" time="0.001">
    <error message="Cannot invoke &quot;com.prog6112.bookstoreinv_a1secb.Book.updateStock(int)&quot; because &quot;this.testBook&quot; is null" type="java.lang.NullPointerException">java.lang.NullPointerException: Cannot invoke "com.prog6112.bookstoreinv_a1secb.Book.updateStock(int)" because "this.testBook" is null
	at com.prog6112.bookstoreinv_a1secb.BookTest.testUpdateStock_Increment(BookTest.java:45)
</error>
  </testcase>
  <testcase name="testSetPrice" classname="com.prog6112.bookstoreinv_a1secb.BookTest" time="0.001">
    <error message="Cannot invoke &quot;com.prog6112.bookstoreinv_a1secb.Book.setPrice(double)&quot; because &quot;this.testBook&quot; is null" type="java.lang.NullPointerException">java.lang.NullPointerException: Cannot invoke "com.prog6112.bookstoreinv_a1secb.Book.setPrice(double)" because "this.testBook" is null
	at com.prog6112.bookstoreinv_a1secb.BookTest.testSetPrice(BookTest.java:36)
</error>
  </testcase>
</testsuite>