<?xml version="1.0" encoding="UTF-8"?>
<testsuite xmlns:xsi="http://www.w3.org/2001/XMLSchema-instance" xsi:noNamespaceSchemaLocation="https://maven.apache.org/surefire/maven-surefire-plugin/xsd/surefire-test-report.xsd" name="com.prog6112.bookstoreinv_a1secb.BookTest" time="0.109" tests="7" errors="6" skipped="0" failures="1">
  <properties>
    <property name="java.specification.version" value="24"/>
    <property name="sun.cpu.isalist" value="amd64"/>
    <property name="sun.jnu.encoding" value="Cp1252"/>
    <property name="java.class.path" value="C:\Users\USER\OneDrive\Documents\NetBeansProjects\BookStoreInv_A1SecB\target\test-classes;C:\Users\USER\OneDrive\Documents\NetBeansProjects\BookStoreInv_A1SecB\target\classes;C:\Users\USER\.m2\repository\org\junit\jupiter\junit-jupiter-api\5.8.1\junit-jupiter-api-5.8.1.jar;C:\Users\USER\.m2\repository\org\opentest4j\opentest4j\1.2.0\opentest4j-1.2.0.jar;C:\Users\USER\.m2\repository\org\junit\platform\junit-platform-commons\1.8.1\junit-platform-commons-1.8.1.jar;C:\Users\USER\.m2\repository\org\apiguardian\apiguardian-api\1.1.2\apiguardian-api-1.1.2.jar;C:\Users\USER\.m2\repository\org\junit\jupiter\junit-jupiter-engine\5.8.1\junit-jupiter-engine-5.8.1.jar;C:\Users\USER\.m2\repository\org\junit\platform\junit-platform-engine\1.8.1\junit-platform-engine-1.8.1.jar;"/>
    <property name="java.vm.vendor" value="Oracle Corporation"/>
    <property name="sun.arch.data.model" value="64"/>
    <property name="user.variant" value=""/>
    <property name="java.vendor.url" value="https://java.oracle.com/"/>
    <property name="user.timezone" value="Africa/Johannesburg"/>
    <property name="os.name" value="Windows 11"/>
    <property name="java.vm.specification.version" value="24"/>
    <property name="user.country" value="ZA"/>
    <property name="sun.java.launcher" value="SUN_STANDARD"/>
    <property name="sun.boot.library.path" value="C:\Program Files\Java\jdk-24\bin"/>
    <property name="sun.java.command" value="C:\Users\USER\AppData\Local\Temp\surefire10110695655519059427\surefirebooter14600151621793454446.jar C:\Users\USER\AppData\Local\Temp\surefire10110695655519059427 2025-09-04T21-33-28_639-jvmRun1 surefire13663629557810095085tmp surefire_02314460972038389364tmp"/>
    <property name="jdk.debug" value="release"/>
    <property name="surefire.test.class.path" value="C:\Users\USER\OneDrive\Documents\NetBeansProjects\BookStoreInv_A1SecB\target\test-classes;C:\Users\USER\OneDrive\Documents\NetBeansProjects\BookStoreInv_A1SecB\target\classes;C:\Users\USER\.m2\repository\org\junit\jupiter\junit-jupiter-api\5.8.1\junit-jupiter-api-5.8.1.jar;C:\Users\USER\.m2\repository\org\opentest4j\opentest4j\1.2.0\opentest4j-1.2.0.jar;C:\Users\USER\.m2\repository\org\junit\platform\junit-platform-commons\1.8.1\junit-platform-commons-1.8.1.jar;C:\Users\USER\.m2\repository\org\apiguardian\apiguardian-api\1.1.2\apiguardian-api-1.1.2.jar;C:\Users\USER\.m2\repository\org\junit\jupiter\junit-jupiter-engine\5.8.1\junit-jupiter-engine-5.8.1.jar;C:\Users\USER\.m2\repository\org\junit\platform\junit-platform-engine\1.8.1\junit-platform-engine-1.8.1.jar;"/>
    <property name="sun.cpu.endian" value="little"/>
    <property name="user.home" value="C:\Users\USER"/>
    <property name="user.language" value="en"/>
    <property name="java.specification.vendor" value="Oracle Corporation"/>
    <property name="java.version.date" value="2025-04-15"/>
    <property name="java.home" value="C:\Program Files\Java\jdk-24"/>
    <property name="file.separator" value="\"/>
    <property name="basedir" value="C:\Users\USER\OneDrive\Documents\NetBeansProjects\BookStoreInv_A1SecB"/>
    <property name="java.vm.compressedOopsMode" value="Zero based"/>
    <property name="line.separator" value="&#10;"/>
    <property name="java.vm.specification.vendor" value="Oracle Corporation"/>
    <property name="java.specification.name" value="Java Platform API Specification"/>
    <property name="surefire.real.class.path" value="C:\Users\USER\AppData\Local\Temp\surefire10110695655519059427\surefirebooter14600151621793454446.jar"/>
    <property name="user.script" value=""/>
    <property name="sun.management.compiler" value="HotSpot 64-Bit Tiered Compilers"/>
    <property name="java.runtime.version" value="24.0.1+9-30"/>
    <property name="user.name" value="USER"/>
    <property name="stdout.encoding" value="Cp1252"/>
    <property name="path.separator" value=";"/>
    <property name="os.version" value="10.0"/>
    <property name="java.runtime.name" value="Java(TM) SE Runtime Environment"/>
    <property name="file.encoding" value="UTF-8"/>
    <property name="java.vm.name" value="Java HotSpot(TM) 64-Bit Server VM"/>
    <property name="maven.ext.class.path" value="C:\Program Files\NetBeans-25\netbeans\java\maven-nblib\netbeans-eventspy.jar"/>
    <property name="localRepository" value="C:\Users\USER\.m2\repository"/>
    <property name="java.vendor.url.bug" value="https://bugreport.java.com/bugreport/"/>
    <property name="java.io.tmpdir" value="C:\Users\USER\AppData\Local\Temp\"/>
    <property name="java.version" value="24.0.1"/>
    <property name="user.dir" value="C:\Users\USER\OneDrive\Documents\NetBeansProjects\BookStoreInv_A1SecB"/>
    <property name="os.arch" value="amd64"/>
    <property name="java.vm.specification.name" value="Java Virtual Machine Specification"/>
    <property name="sun.os.patch.level" value=""/>
    <property name="native.encoding" value="Cp1252"/>
    <property name="java.library.path" value="C:\Program Files\Java\jdk-24\bin;C:\WINDOWS\Sun\Java\bin;C:\WINDOWS\system32;C:\WINDOWS;C:\Program Files\Common Files\Oracle\Java\javapath;C:\WINDOWS\system32;C:\WINDOWS;C:\WINDOWS\System32\Wbem;C:\WINDOWS\System32\WindowsPowerShell\v1.0\;C:\WINDOWS\System32\OpenSSH\;C:\Program Files (x86)\Microsoft SQL Server\160\Tools\Binn\;C:\Program Files\Microsoft SQL Server\160\Tools\Binn\;C:\Program Files\Microsoft SQL Server\Client SDK\ODBC\170\Tools\Binn\;C:\Program Files\Microsoft SQL Server\160\DTS\Binn\;C:\Program Files\Microsoft SQL Server\170\DTS\Binn\;C:\Users\USER\AppData\Local\Programs\Python\Launcher\;C:\Users\USER\AppData\Local\Microsoft\WindowsApps;C:\Users\USER\AppData\Local\Programs\Microsoft VS Code\bin;C:\Users\USER\AppData\Local\Programs\cursor\resources\app\bin;."/>
    <property name="java.vm.info" value="mixed mode, sharing"/>
    <property name="stderr.encoding" value="Cp1252"/>
    <property name="java.vendor" value="Oracle Corporation"/>
    <property name="java.vm.version" value="24.0.1+9-30"/>
    <property name="sun.io.unicode.encoding" value="UnicodeLittle"/>
    <property name="java.class.version" value="68.0"/>
  </properties>
  <testcase name="testUpdateStock_Decrement" classname="com.prog6112.bookstoreinv_a1secb.BookTest" time="0.067">
    <error message="Cannot invoke &quot;com.prog6112.bookstoreinv_a1secb.Book.updateStock(int)&quot; because &quot;this.testBook&quot; is null" type="java.lang.NullPointerException">java.lang.NullPointerException: Cannot invoke "com.prog6112.bookstoreinv_a1secb.Book.updateStock(int)" because "this.testBook" is null
	at com.prog6112.bookstoreinv_a1secb.BookTest.testUpdateStock_Decrement(BookTest.java:51)
</error>
  </testcase>
  <testcase name="testGetters" classname="com.prog6112.bookstoreinv_a1secb.BookTest" time="0.001">
    <error message="Cannot invoke &quot;com.prog6112.bookstoreinv_a1secb.Book.getTitle()&quot; because &quot;this.testBook&quot; is null" type="java.lang.NullPointerException">java.lang.NullPointerException: Cannot invoke "com.prog6112.bookstoreinv_a1secb.Book.getTitle()" because "this.testBook" is null
	at com.prog6112.bookstoreinv_a1secb.BookTest.testGetters(BookTest.java:63)
</error>
  </testcase>
  <testcase name="testBookConstructor" classname="com.prog6112.bookstoreinv_a1secb.BookTest" time="0.01">
    <failure message="Book object should not be null after construction ==&gt; expected: not &lt;null&gt;" type="org.opentest4j.AssertionFailedError"><![CDATA[org.opentest4j.AssertionFailedError: Book object should not be null after construction ==> expected: not <null>
	at com.prog6112.bookstoreinv_a1secb.BookTest.testBookConstructor(BookTest.java:27)
]]></failure>
  </testcase>
  <testcase name="testUpdateStock_PreventNegative" classname="com.prog6112.bookstoreinv_a1secb.BookTest" time="0.002">
    <error message="Cannot invoke &quot;com.prog6112.bookstoreinv_a1secb.Book.updateStock(int)&quot; because &quot;this.testBook&quot; is null" type="java.lang.NullPointerException">java.lang.NullPointerException: Cannot invoke "com.prog6112.bookstoreinv_a1secb.Book.updateStock(int)" because "this.testBook" is null
	at com.prog6112.bookstoreinv_a1secb.BookTest.testUpdateStock_PreventNegative(BookTest.java:57)
</error>
  </testcase>
  <testcase name="testSetters" classname="com.prog6112.bookstoreinv_a1secb.BookTest" time="0.001">
    <error message="Cannot invoke &quot;com.prog6112.bookstoreinv_a1secb.Book.setTitle(String)&quot; because &quot;this.testBook&quot; is null" type="java.lang.NullPointerException">java.lang.NullPointerException: Cannot invoke "com.prog6112.bookstoreinv_a1secb.Book.setTitle(String)" because "this.testBook" is null
	at com.prog6112.bookstoreinv_a1secb.BookTest.testSetters(BookTest.java:71)
</error>
  </testcase>
  <testcase name="testUpdateStock_Increment" classname="com.prog6112.bookstoreinv_a1secb.BookTest" time="0.001">
    <error message="Cannot invoke &quot;com.prog6112.bookstoreinv_a1secb.Book.updateStock(int)&quot; because &quot;this.testBook&quot; is null" type="java.lang.NullPointerException">java.lang.NullPointerException: Cannot invoke "com.prog6112.bookstoreinv_a1secb.Book.updateStock(int)" because "this.testBook" is null
	at com.prog6112.bookstoreinv_a1secb.BookTest.testUpdateStock_Increment(BookTest.java:45)
</error>
  </testcase>
  <testcase name="testSetPrice" classname="com.prog6112.bookstoreinv_a1secb.BookTest" time="0.001">
    <error message="Cannot invoke &quot;com.prog6112.bookstoreinv_a1secb.Book.setPrice(double)&quot; because &quot;this.testBook&quot; is null" type="java.lang.NullPointerException">java.lang.NullPointerException: Cannot invoke "com.prog6112.bookstoreinv_a1secb.Book.setPrice(double)" because "this.testBook" is null
	at com.prog6112.bookstoreinv_a1secb.BookTest.testSetPrice(BookTest.java:36)
</error>
  </testcase>
</testsuite>